<?xml version="1.0" encoding="UTF-8"?>
<!-- Generated by org.testng.reporters.JUnitReportReporter -->
<testsuite skipped="0" hostname="ibm-Latitude-E7450" name="tests.Tests" tests="1" failures="0" timestamp="17 Jul 2019 15:43:54 GMT" time="32.890" errors="0">
  <testcase name="onDemand" time="32.890" classname="tests.Tests"/>
</testsuite> <!-- tests.Tests -->
