<?xml version="1.0" encoding="UTF-8"?>
<!-- Generated by org.testng.reporters.JUnitReportReporter -->
<testsuite skipped="0" hostname="ibm-Latitude-E7450" name="tests.BaseClass" tests="1" failures="0" timestamp="17 Jul 2019 09:26:32 GMT" time="0.005" errors="0">
  <testcase name="sampleTest" time="0.005" classname="tests.BaseClass"/>
</testsuite> <!-- tests.BaseClass -->
